c:\users\eric yoon\documents\git\ggpohafight\build\vs2019\src\ggpo.dir\release\p2p.obj
c:\users\eric yoon\documents\git\ggpohafight\build\vs2019\src\ggpo.dir\release\sync.obj
c:\users\eric yoon\documents\git\ggpohafight\build\vs2019\src\ggpo.dir\release\log.obj
c:\users\eric yoon\documents\git\ggpohafight\build\vs2019\src\ggpo.dir\release\platform_windows.obj
c:\users\eric yoon\documents\git\ggpohafight\build\vs2019\src\ggpo.dir\release\poll.obj
c:\users\eric yoon\documents\git\ggpohafight\build\vs2019\src\ggpo.dir\release\timesync.obj
c:\users\eric yoon\documents\git\ggpohafight\build\vs2019\src\ggpo.dir\release\udp_proto.obj
c:\users\eric yoon\documents\git\ggpohafight\build\vs2019\src\ggpo.dir\release\bitvector.obj
c:\users\eric yoon\documents\git\ggpohafight\build\vs2019\src\ggpo.dir\release\synctest.obj
c:\users\eric yoon\documents\git\ggpohafight\build\vs2019\src\ggpo.dir\release\input_queue.obj
c:\users\eric yoon\documents\git\ggpohafight\build\vs2019\src\ggpo.dir\release\main.obj
c:\users\eric yoon\documents\git\ggpohafight\build\vs2019\src\ggpo.dir\release\game_input.obj
c:\users\eric yoon\documents\git\ggpohafight\build\vs2019\src\ggpo.dir\release\spectator.obj
c:\users\eric yoon\documents\git\ggpohafight\build\vs2019\src\ggpo.dir\release\udp.obj
c:\users\eric yoon\documents\git\ggpohafight\build\vs2019\src\ggpo.dir\release\vc142.pdb
c:\users\eric yoon\documents\git\ggpohafight\build\vs2019\src\cmakefiles\generate.stamp
c:\users\eric yoon\documents\git\ggpohafight\build\vs2019\lib\x64\release\ggpo.lib
c:\users\eric yoon\documents\git\ggpohafight\build\vs2019\lib\x64\release\ggpo.exp
c:\users\eric yoon\documents\git\ggpohafight\build\vs2019\bin\x64\release\ggpo.dll
c:\users\eric yoon\documents\git\ggpohafight\build\vs2019\src\ggpo.dir\release\ggpo.iobj
c:\users\eric yoon\documents\git\ggpohafight\build\vs2019\src\ggpo.dir\release\ggpo.tlog\cl.11748.write.1.tlog
c:\users\eric yoon\documents\git\ggpohafight\build\vs2019\src\ggpo.dir\release\ggpo.tlog\cl.command.1.tlog
c:\users\eric yoon\documents\git\ggpohafight\build\vs2019\src\ggpo.dir\release\ggpo.tlog\cl.read.1.tlog
c:\users\eric yoon\documents\git\ggpohafight\build\vs2019\src\ggpo.dir\release\ggpo.tlog\custombuild.command.1.tlog
c:\users\eric yoon\documents\git\ggpohafight\build\vs2019\src\ggpo.dir\release\ggpo.tlog\custombuild.read.1.tlog
c:\users\eric yoon\documents\git\ggpohafight\build\vs2019\src\ggpo.dir\release\ggpo.tlog\custombuild.write.1.tlog
c:\users\eric yoon\documents\git\ggpohafight\build\vs2019\src\ggpo.dir\release\ggpo.tlog\ggpo.write.1u.tlog
c:\users\eric yoon\documents\git\ggpohafight\build\vs2019\src\ggpo.dir\release\ggpo.tlog\link.command.1.tlog
c:\users\eric yoon\documents\git\ggpohafight\build\vs2019\src\ggpo.dir\release\ggpo.tlog\link.read.1.tlog
c:\users\eric yoon\documents\git\ggpohafight\build\vs2019\src\ggpo.dir\release\ggpo.tlog\link.write.1.tlog
