c:\users\eric yoon\documents\git\ggpohafight\build\vs2019\src\ggpo.dir\debug\game_input.obj
c:\users\eric yoon\documents\git\ggpohafight\build\vs2019\src\ggpo.dir\debug\platform_windows.obj
c:\users\eric yoon\documents\git\ggpohafight\build\vs2019\src\ggpo.dir\debug\spectator.obj
c:\users\eric yoon\documents\git\ggpohafight\build\vs2019\src\ggpo.dir\debug\udp.obj
c:\users\eric yoon\documents\git\ggpohafight\build\vs2019\src\ggpo.dir\debug\udp_proto.obj
c:\users\eric yoon\documents\git\ggpohafight\build\vs2019\src\ggpo.dir\debug\input_queue.obj
c:\users\eric yoon\documents\git\ggpohafight\build\vs2019\src\ggpo.dir\debug\p2p.obj
c:\users\eric yoon\documents\git\ggpohafight\build\vs2019\src\ggpo.dir\debug\timesync.obj
c:\users\eric yoon\documents\git\ggpohafight\build\vs2019\src\ggpo.dir\debug\sync.obj
c:\users\eric yoon\documents\git\ggpohafight\build\vs2019\src\ggpo.dir\debug\poll.obj
c:\users\eric yoon\documents\git\ggpohafight\build\vs2019\src\ggpo.dir\debug\log.obj
c:\users\eric yoon\documents\git\ggpohafight\build\vs2019\src\ggpo.dir\debug\synctest.obj
c:\users\eric yoon\documents\git\ggpohafight\build\vs2019\src\ggpo.dir\debug\main.obj
c:\users\eric yoon\documents\git\ggpohafight\build\vs2019\src\ggpo.dir\debug\bitvector.obj
c:\users\eric yoon\documents\git\ggpohafight\build\vs2019\src\ggpo.dir\debug\vc142.pdb
c:\users\eric yoon\documents\git\ggpohafight\build\vs2019\src\cmakefiles\generate.stamp
c:\users\eric yoon\documents\git\ggpohafight\build\vs2019\lib\x64\debug\ggpo.lib
c:\users\eric yoon\documents\git\ggpohafight\build\vs2019\lib\x64\debug\ggpo.exp
c:\users\eric yoon\documents\git\ggpohafight\build\vs2019\src\ggpo.dir\debug\ggpo.ilk
c:\users\eric yoon\documents\git\ggpohafight\build\vs2019\bin\x64\debug\ggpo.dll
c:\users\eric yoon\documents\git\ggpohafight\build\vs2019\bin\x64\debug\ggpo.pdb
c:\users\eric yoon\documents\git\ggpohafight\build\vs2019\src\ggpo.dir\debug\vc142.idb
c:\users\eric yoon\documents\git\ggpohafight\build\vs2019\src\ggpo.dir\debug\ggpo.tlog\cl.11192.write.1.tlog
c:\users\eric yoon\documents\git\ggpohafight\build\vs2019\src\ggpo.dir\debug\ggpo.tlog\cl.command.1.tlog
c:\users\eric yoon\documents\git\ggpohafight\build\vs2019\src\ggpo.dir\debug\ggpo.tlog\cl.read.1.tlog
c:\users\eric yoon\documents\git\ggpohafight\build\vs2019\src\ggpo.dir\debug\ggpo.tlog\custombuild.command.1.tlog
c:\users\eric yoon\documents\git\ggpohafight\build\vs2019\src\ggpo.dir\debug\ggpo.tlog\custombuild.read.1.tlog
c:\users\eric yoon\documents\git\ggpohafight\build\vs2019\src\ggpo.dir\debug\ggpo.tlog\custombuild.write.1.tlog
c:\users\eric yoon\documents\git\ggpohafight\build\vs2019\src\ggpo.dir\debug\ggpo.tlog\ggpo.write.1u.tlog
c:\users\eric yoon\documents\git\ggpohafight\build\vs2019\src\ggpo.dir\debug\ggpo.tlog\link.command.1.tlog
c:\users\eric yoon\documents\git\ggpohafight\build\vs2019\src\ggpo.dir\debug\ggpo.tlog\link.read.1.tlog
c:\users\eric yoon\documents\git\ggpohafight\build\vs2019\src\ggpo.dir\debug\ggpo.tlog\link.write.1.tlog
