c:\users\eric yoon\documents\git\ggpohafight\build\vs2019\src\apps\hafight\hafight.dir\release\animator.obj
c:\users\eric yoon\documents\git\ggpohafight\build\vs2019\src\apps\hafight\hafight.dir\release\forwardwalkstate.obj
c:\users\eric yoon\documents\git\ggpohafight\build\vs2019\src\apps\hafight\hafight.dir\release\gamestate.obj
c:\users\eric yoon\documents\git\ggpohafight\build\vs2019\src\apps\hafight\hafight.dir\release\rigidbody.obj
c:\users\eric yoon\documents\git\ggpohafight\build\vs2019\src\apps\hafight\hafight.dir\release\basefighter.obj
c:\users\eric yoon\documents\git\ggpohafight\build\vs2019\src\apps\hafight\hafight.dir\release\main.obj
c:\users\eric yoon\documents\git\ggpohafight\build\vs2019\src\apps\hafight\hafight.dir\release\animation.obj
c:\users\eric yoon\documents\git\ggpohafight\build\vs2019\src\apps\hafight\hafight.dir\release\ggpo_perfmon.obj
c:\users\eric yoon\documents\git\ggpohafight\build\vs2019\src\apps\hafight\hafight.dir\release\inputreader.obj
c:\users\eric yoon\documents\git\ggpohafight\build\vs2019\src\apps\hafight\hafight.dir\release\hitbox.obj
c:\users\eric yoon\documents\git\ggpohafight\build\vs2019\src\apps\hafight\hafight.dir\release\standstate.obj
c:\users\eric yoon\documents\git\ggpohafight\build\vs2019\src\apps\hafight\hafight.dir\release\backwardwalkstate.obj
c:\users\eric yoon\documents\git\ggpohafight\build\vs2019\src\apps\hafight\hafight.dir\release\fighterstate.obj
c:\users\eric yoon\documents\git\ggpohafight\build\vs2019\src\apps\hafight\hafight.dir\release\gamepadinput.obj
c:\users\eric yoon\documents\git\ggpohafight\build\vs2019\src\apps\hafight\hafight.dir\release\runner.obj
c:\users\eric yoon\documents\git\ggpohafight\build\vs2019\src\apps\hafight\hafight.dir\release\hafight.obj
c:\users\eric yoon\documents\git\ggpohafight\build\vs2019\src\apps\hafight\hafight.dir\release\raylibrenderer.obj
c:\users\eric yoon\documents\git\ggpohafight\build\vs2019\src\apps\hafight\hafight.dir\release\vc142.pdb
c:\users\eric yoon\documents\git\ggpohafight\build\vs2019\src\apps\hafight\cmakefiles\generate.stamp
c:\users\eric yoon\documents\git\ggpohafight\build\vs2019\bin\x64\release\hafight.exe
c:\users\eric yoon\documents\git\ggpohafight\build\vs2019\src\apps\hafight\hafight.dir\release\hafight.iobj
c:\users\eric yoon\documents\git\ggpohafight\build\vs2019\src\apps\hafight\hafight.dir\release\hafight.res
c:\users\eric yoon\documents\git\ggpohafight\build\vs2019\src\apps\hafight\hafight.dir\release\hafight.tlog\cl.10496.write.1.tlog
c:\users\eric yoon\documents\git\ggpohafight\build\vs2019\src\apps\hafight\hafight.dir\release\hafight.tlog\cl.command.1.tlog
c:\users\eric yoon\documents\git\ggpohafight\build\vs2019\src\apps\hafight\hafight.dir\release\hafight.tlog\cl.read.1.tlog
c:\users\eric yoon\documents\git\ggpohafight\build\vs2019\src\apps\hafight\hafight.dir\release\hafight.tlog\custombuild.command.1.tlog
c:\users\eric yoon\documents\git\ggpohafight\build\vs2019\src\apps\hafight\hafight.dir\release\hafight.tlog\custombuild.read.1.tlog
c:\users\eric yoon\documents\git\ggpohafight\build\vs2019\src\apps\hafight\hafight.dir\release\hafight.tlog\custombuild.write.1.tlog
c:\users\eric yoon\documents\git\ggpohafight\build\vs2019\src\apps\hafight\hafight.dir\release\hafight.tlog\link.command.1.tlog
c:\users\eric yoon\documents\git\ggpohafight\build\vs2019\src\apps\hafight\hafight.dir\release\hafight.tlog\link.read.1.tlog
c:\users\eric yoon\documents\git\ggpohafight\build\vs2019\src\apps\hafight\hafight.dir\release\hafight.tlog\link.write.1.tlog
c:\users\eric yoon\documents\git\ggpohafight\build\vs2019\src\apps\hafight\hafight.dir\release\hafight.tlog\rc.command.1.tlog
c:\users\eric yoon\documents\git\ggpohafight\build\vs2019\src\apps\hafight\hafight.dir\release\hafight.tlog\rc.read.1.tlog
c:\users\eric yoon\documents\git\ggpohafight\build\vs2019\src\apps\hafight\hafight.dir\release\hafight.tlog\rc.write.1.tlog
