c:\users\eric yoon\documents\git\ggpohafight\build\vs2019\src\apps\hafight\hafight.dir\debug\runner.obj
c:\users\eric yoon\documents\git\ggpohafight\build\vs2019\src\apps\hafight\hafight.dir\debug\gamestate.obj
c:\users\eric yoon\documents\git\ggpohafight\build\vs2019\src\apps\hafight\hafight.dir\debug\main.obj
c:\users\eric yoon\documents\git\ggpohafight\build\vs2019\src\apps\hafight\hafight.dir\debug\raylibrenderer.obj
c:\users\eric yoon\documents\git\ggpohafight\build\vs2019\src\apps\hafight\hafight.dir\debug\inputreader.obj
c:\users\eric yoon\documents\git\ggpohafight\build\vs2019\src\apps\hafight\hafight.dir\debug\ggpo_perfmon.obj
c:\users\eric yoon\documents\git\ggpohafight\build\vs2019\src\apps\hafight\hafight.dir\debug\hafight.obj
c:\users\eric yoon\documents\git\ggpohafight\build\vs2019\src\apps\hafight\hafight.dir\debug\vc142.pdb
c:\users\eric yoon\documents\git\ggpohafight\build\vs2019\src\apps\hafight\hafight.dir\debug\vc142.idb
c:\users\eric yoon\documents\git\ggpohafight\build\vs2019\src\apps\hafight\hafight.dir\debug\fighter.obj
c:\users\eric yoon\documents\git\ggpohafight\build\vs2019\src\apps\hafight\cmakefiles\generate.stamp
c:\users\eric yoon\documents\git\ggpohafight\build\vs2019\bin\x64\debug\hafight.exe
c:\users\eric yoon\documents\git\ggpohafight\build\vs2019\src\apps\hafight\hafight.dir\debug\hafight.ilk
c:\users\eric yoon\documents\git\ggpohafight\build\vs2019\bin\x64\debug\hafight.pdb
c:\users\eric yoon\documents\git\ggpohafight\build\vs2019\src\apps\hafight\hafight.dir\debug\hafight.res
c:\users\eric yoon\documents\git\ggpohafight\build\vs2019\src\apps\hafight\hafight.dir\debug\hafight.tlog\cl.command.1.tlog
c:\users\eric yoon\documents\git\ggpohafight\build\vs2019\src\apps\hafight\hafight.dir\debug\hafight.tlog\cl.read.1.tlog
c:\users\eric yoon\documents\git\ggpohafight\build\vs2019\src\apps\hafight\hafight.dir\debug\hafight.tlog\cl.write.1.tlog
c:\users\eric yoon\documents\git\ggpohafight\build\vs2019\src\apps\hafight\hafight.dir\debug\hafight.tlog\custombuild.command.1.tlog
c:\users\eric yoon\documents\git\ggpohafight\build\vs2019\src\apps\hafight\hafight.dir\debug\hafight.tlog\custombuild.read.1.tlog
c:\users\eric yoon\documents\git\ggpohafight\build\vs2019\src\apps\hafight\hafight.dir\debug\hafight.tlog\custombuild.write.1.tlog
c:\users\eric yoon\documents\git\ggpohafight\build\vs2019\src\apps\hafight\hafight.dir\debug\hafight.tlog\link.command.1.tlog
c:\users\eric yoon\documents\git\ggpohafight\build\vs2019\src\apps\hafight\hafight.dir\debug\hafight.tlog\link.read.1.tlog
c:\users\eric yoon\documents\git\ggpohafight\build\vs2019\src\apps\hafight\hafight.dir\debug\hafight.tlog\link.write.1.tlog
c:\users\eric yoon\documents\git\ggpohafight\build\vs2019\src\apps\hafight\hafight.dir\debug\hafight.tlog\rc.command.1.tlog
c:\users\eric yoon\documents\git\ggpohafight\build\vs2019\src\apps\hafight\hafight.dir\debug\hafight.tlog\rc.read.1.tlog
c:\users\eric yoon\documents\git\ggpohafight\build\vs2019\src\apps\hafight\hafight.dir\debug\hafight.tlog\rc.write.1.tlog
