c:\users\eric yoon\documents\git\ggpohafight\build\vs2019\src\apps\vectorwar\vectorwar.dir\debug\ggpo_perfmon.obj
c:\users\eric yoon\documents\git\ggpohafight\build\vs2019\src\apps\vectorwar\vectorwar.dir\debug\inputreader.obj
c:\users\eric yoon\documents\git\ggpohafight\build\vs2019\src\apps\vectorwar\vectorwar.dir\debug\hafight.obj
c:\users\eric yoon\documents\git\ggpohafight\build\vs2019\src\apps\vectorwar\vectorwar.dir\debug\raylibrenderer.obj
c:\users\eric yoon\documents\git\ggpohafight\build\vs2019\src\apps\vectorwar\vectorwar.dir\debug\gamestate.obj
c:\users\eric yoon\documents\git\ggpohafight\build\vs2019\src\apps\vectorwar\vectorwar.dir\debug\vc142.pdb
c:\users\eric yoon\documents\git\ggpohafight\build\vs2019\src\apps\vectorwar\vectorwar.dir\debug\vc142.idb
c:\users\eric yoon\documents\git\ggpohafight\build\vs2019\src\apps\vectorwar\vectorwar.dir\debug\main.obj
c:\users\eric yoon\documents\git\ggpohafight\build\vs2019\src\apps\vectorwar\cmakefiles\generate.stamp
c:\users\eric yoon\documents\git\ggpohafight\build\vs2019\src\apps\vectorwar\vectorwar.dir\debug\vectorwar.res
c:\users\eric yoon\documents\git\ggpohafight\build\vs2019\bin\x64\debug\vectorwar.pdb
c:\users\eric yoon\documents\git\ggpohafight\build\vs2019\src\apps\vectorwar\vectorwar.dir\debug\vectorwar.tlog\cl.command.1.tlog
c:\users\eric yoon\documents\git\ggpohafight\build\vs2019\src\apps\vectorwar\vectorwar.dir\debug\vectorwar.tlog\cl.read.1.tlog
c:\users\eric yoon\documents\git\ggpohafight\build\vs2019\src\apps\vectorwar\vectorwar.dir\debug\vectorwar.tlog\cl.write.1.tlog
c:\users\eric yoon\documents\git\ggpohafight\build\vs2019\src\apps\vectorwar\vectorwar.dir\debug\vectorwar.tlog\custombuild.command.1.tlog
c:\users\eric yoon\documents\git\ggpohafight\build\vs2019\src\apps\vectorwar\vectorwar.dir\debug\vectorwar.tlog\custombuild.read.1.tlog
c:\users\eric yoon\documents\git\ggpohafight\build\vs2019\src\apps\vectorwar\vectorwar.dir\debug\vectorwar.tlog\custombuild.write.1.tlog
c:\users\eric yoon\documents\git\ggpohafight\build\vs2019\src\apps\vectorwar\vectorwar.dir\debug\vectorwar.tlog\link-cvtres.read.1.tlog
c:\users\eric yoon\documents\git\ggpohafight\build\vs2019\src\apps\vectorwar\vectorwar.dir\debug\vectorwar.tlog\link-cvtres.write.1.tlog
c:\users\eric yoon\documents\git\ggpohafight\build\vs2019\src\apps\vectorwar\vectorwar.dir\debug\vectorwar.tlog\link-rc.read.1.tlog
c:\users\eric yoon\documents\git\ggpohafight\build\vs2019\src\apps\vectorwar\vectorwar.dir\debug\vectorwar.tlog\link-rc.write.1.tlog
c:\users\eric yoon\documents\git\ggpohafight\build\vs2019\src\apps\vectorwar\vectorwar.dir\debug\vectorwar.tlog\link.command.1.tlog
c:\users\eric yoon\documents\git\ggpohafight\build\vs2019\src\apps\vectorwar\vectorwar.dir\debug\vectorwar.tlog\link.read.1.tlog
c:\users\eric yoon\documents\git\ggpohafight\build\vs2019\src\apps\vectorwar\vectorwar.dir\debug\vectorwar.tlog\link.read.2.tlog
c:\users\eric yoon\documents\git\ggpohafight\build\vs2019\src\apps\vectorwar\vectorwar.dir\debug\vectorwar.tlog\link.write.1.tlog
c:\users\eric yoon\documents\git\ggpohafight\build\vs2019\src\apps\vectorwar\vectorwar.dir\debug\vectorwar.tlog\rc.command.1.tlog
c:\users\eric yoon\documents\git\ggpohafight\build\vs2019\src\apps\vectorwar\vectorwar.dir\debug\vectorwar.tlog\rc.read.1.tlog
c:\users\eric yoon\documents\git\ggpohafight\build\vs2019\src\apps\vectorwar\vectorwar.dir\debug\vectorwar.tlog\rc.write.1.tlog
